<?xml version="1.0" encoding="UTF-8" ?>
<testsuite errors="0" failures="0" hostname="hh-PC" name="com.test.xiekang.DAOTest" tests="6" time="3.105" timestamp="2012-12-16T15:29:22">
  <properties>
[...]
</properties>
  <testcase classname="com.test.xiekang.DAOTest" name="testDao" time="2.663" />
  <testcase classname="com.test.xiekang.DAOTest" name="testInsertData" time="0.097" />
  <testcase classname="com.test.xiekang.DAOTest" name="testDeleteData" time="0.076" />
  <testcase classname="com.test.xiekang.DAOTest" name="testUpdateData" time="0.109" />
  <testcase classname="com.test.xiekang.DAOTest" name="testSelectAll" time="0.079" />
  <testcase classname="com.test.xiekang.DAOTest" name="testData" time="0.02" />
  <system-out><![CDATA[Hibernate: select kstable0_.ACCBOOKID as ACCBOOKID0_, kstable0_.ACCBOOKNAME as ACCBOOKN2_0_, kstable0_.STOPFLAG as STOPFLAG0_, kstable0_.ETIME as ETIME0_, kstable0_.STIME as STIME0_, kstable0_.ACCBOOkBZ as ACCBOOkBZ0_ from xiekang kstable0_
Hibernate: select kstable0_.ACCBOOKID as ACCBOOKID0_, kstable0_.ACCBOOKNAME as ACCBOOKN2_0_, kstable0_.STOPFLAG as STOPFLAG0_, kstable0_.ETIME as ETIME0_, kstable0_.STIME as STIME0_, kstable0_.ACCBOOkBZ as ACCBOOkBZ0_ from xiekang kstable0_
????7
Hibernate: insert into xiekang (ACCBOOKNAME, STOPFLAG, ETIME, STIME, ACCBOOkBZ) values (?, ?, ?, ?, ?)
Hibernate: select kstable0_.ACCBOOKID as ACCBOOKID0_, kstable0_.ACCBOOKNAME as ACCBOOKN2_0_, kstable0_.STOPFLAG as STOPFLAG0_, kstable0_.ETIME as ETIME0_, kstable0_.STIME as STIME0_, kstable0_.ACCBOOkBZ as ACCBOOkBZ0_ from xiekang kstable0_ where accbookname='test'
Hibernate: insert into xiekang (ACCBOOKNAME, STOPFLAG, ETIME, STIME, ACCBOOkBZ) values (?, ?, ?, ?, ?)
Hibernate: select kstable0_.ACCBOOKID as ACCBOOKID0_, kstable0_.ACCBOOKNAME as ACCBOOKN2_0_, kstable0_.STOPFLAG as STOPFLAG0_, kstable0_.ETIME as ETIME0_, kstable0_.STIME as STIME0_, kstable0_.ACCBOOkBZ as ACCBOOkBZ0_ from xiekang kstable0_ where accbookname='test'
Hibernate: delete from xiekang where ACCBOOKID=?
Hibernate: select kstable0_.ACCBOOKID as ACCBOOKID0_, kstable0_.ACCBOOKNAME as ACCBOOKN2_0_, kstable0_.STOPFLAG as STOPFLAG0_, kstable0_.ETIME as ETIME0_, kstable0_.STIME as STIME0_, kstable0_.ACCBOOkBZ as ACCBOOkBZ0_ from xiekang kstable0_ where accbookname='test1'
Hibernate: insert into xiekang (ACCBOOKNAME, STOPFLAG, ETIME, STIME, ACCBOOkBZ) values (?, ?, ?, ?, ?)
Hibernate: select kstable0_.ACCBOOKID as ACCBOOKID0_, kstable0_.ACCBOOKNAME as ACCBOOKN2_0_, kstable0_.STOPFLAG as STOPFLAG0_, kstable0_.ETIME as ETIME0_, kstable0_.STIME as STIME0_, kstable0_.ACCBOOkBZ as ACCBOOkBZ0_ from xiekang kstable0_ where accbookname='test'
Hibernate: select kstable0_.ACCBOOKID as ACCBOOKID0_, kstable0_.ACCBOOKNAME as ACCBOOKN2_0_, kstable0_.STOPFLAG as STOPFLAG0_, kstable0_.ETIME as ETIME0_, kstable0_.STIME as STIME0_, kstable0_.ACCBOOkBZ as ACCBOOkBZ0_ from xiekang kstable0_ where accbookid=10
Hibernate: insert into xiekang (ACCBOOKNAME, STOPFLAG, ETIME, STIME, ACCBOOkBZ) values (?, ?, ?, ?, ?)
Hibernate: select kstable0_.ACCBOOKID as ACCBOOKID0_, kstable0_.ACCBOOKNAME as ACCBOOKN2_0_, kstable0_.STOPFLAG as STOPFLAG0_, kstable0_.ETIME as ETIME0_, kstable0_.STIME as STIME0_, kstable0_.ACCBOOkBZ as ACCBOOkBZ0_ from xiekang kstable0_
Hibernate: insert into xiekang (ACCBOOKNAME, STOPFLAG, ETIME, STIME, ACCBOOkBZ) values (?, ?, ?, ?, ?)
]]></system-out>
  <system-err><![CDATA[2012-12-16 23:29:22 org.springframework.test.AbstractSingleSpringContextTests loadContextLocations
信息: Loading context for locations: classpath:persistence-context.xml
2012-12-16 23:29:23 org.springframework.beans.factory.xml.XmlBeanDefinitionReader loadBeanDefinitions
信息: Loading XML bean definitions from class path resource [persistence-context.xml]
2012-12-16 23:29:23 org.springframework.context.support.AbstractApplicationContext prepareRefresh
信息: Refreshing org.springframework.context.support.GenericApplicationContext@79a5f739: startup date [Sun Dec 16 23:29:23 CST 2012]; root of context hierarchy
2012-12-16 23:29:23 org.springframework.beans.factory.support.DefaultListableBeanFactory preInstantiateSingletons
信息: Pre-instantiating singletons in org.springframework.beans.factory.support.DefaultListableBeanFactory@16f8f7db: defining beans [dataSource,hibernateProperties,SessionFactory,xieKangDAO,transactionManager,xieKangDAOProxy]; root of factory hierarchy
2012-12-16 23:29:23 com.mchange.v2.log.MLog <clinit>
信息: MLog clients using java 1.4+ standard logging.
2012-12-16 23:29:23 com.mchange.v2.c3p0.C3P0Registry banner
信息: Initializing c3p0-0.9.1 [built 16-January-2007 14:46:42; debug? true; trace: 10]
2012-12-16 23:29:23 org.springframework.core.io.support.PropertiesLoaderSupport loadProperties
信息: Loading properties file from class path resource [hibernate.properties]
2012-12-16 23:29:23 org.hibernate.cfg.Environment <clinit>
信息: Hibernate 3.2.5
2012-12-16 23:29:23 org.hibernate.cfg.Environment <clinit>
信息: loaded properties from resource hibernate.properties: {hibernate.dialect=org.hibernate.dialect.MySQL5InnoDBDialect, hibernate.show_sql=true, hibernate.bytecode.use_reflection_optimizer=false, hibernate.hbm2ddl.auto=update}
2012-12-16 23:29:23 org.hibernate.cfg.Environment buildBytecodeProvider
信息: Bytecode provider name : cglib
2012-12-16 23:29:23 org.hibernate.cfg.Environment <clinit>
信息: using JDK 1.4 java.sql.Timestamp handling
2012-12-16 23:29:23 org.hibernate.cfg.HbmBinder bindRootPersistentClassCommonValues
信息: Mapping class: com.ygsoft.xiekang.model.Kstable -> xiekang
2012-12-16 23:29:23 org.springframework.orm.hibernate3.LocalSessionFactoryBean buildSessionFactory
信息: Building new Hibernate SessionFactory
2012-12-16 23:29:23 org.hibernate.connection.ConnectionProviderFactory newConnectionProvider
信息: Initializing connection provider: org.springframework.orm.hibernate3.LocalDataSourceConnectionProvider
2012-12-16 23:29:23 com.mchange.v2.c3p0.impl.AbstractPoolBackedDataSource getPoolManager
信息: Initializing c3p0 pool... com.mchange.v2.c3p0.ComboPooledDataSource [ acquireIncrement -> 5, acquireRetryAttempts -> 30, acquireRetryDelay -> 1000, autoCommitOnClose -> false, automaticTestTable -> null, breakAfterAcquireFailure -> false, checkoutTimeout -> 0, connectionCustomizerClassName -> null, connectionTesterClassName -> com.mchange.v2.c3p0.impl.DefaultConnectionTester, dataSourceName -> 1hge1388r19lhh1exb7ko2|1f3785d3, debugUnreturnedConnectionStackTraces -> false, description -> null, driverClass -> com.mysql.jdbc.Driver, factoryClassLocation -> null, forceIgnoreUnresolvedTransactions -> false, identityToken -> 1hge1388r19lhh1exb7ko2|1f3785d3, idleConnectionTestPeriod -> 0, initialPoolSize -> 1, jdbcUrl -> jdbc:mysql://localhost:3306/test, lastAcquisitionFailureDefaultUser -> null, maxAdministrativeTaskTime -> 0, maxConnectionAge -> 0, maxIdleTime -> 300, maxIdleTimeExcessConnections -> 0, maxPoolSize -> 20, maxStatements -> 0, maxStatementsPerConnection -> 0, minPoolSize -> 1, numHelperThreads -> 3, numThreadsAwaitingCheckoutDefaultUser -> 0, preferredTestQuery -> null, properties -> {user=******, password=******}, propertyCycle -> 0, testConnectionOnCheckin -> false, testConnectionOnCheckout -> false, unreturnedConnectionTimeout -> 0, usesTraditionalReflectiveProxies -> false ]
2012-12-16 23:29:24 org.hibernate.cfg.SettingsFactory buildSettings
信息: RDBMS: MySQL, version: 5.5.27
2012-12-16 23:29:24 org.hibernate.cfg.SettingsFactory buildSettings
信息: JDBC driver: MySQL-AB JDBC Driver, version: mysql-connector-java-5.1.6 ( Revision: ${svn.Revision} )
2012-12-16 23:29:24 org.hibernate.dialect.Dialect <init>
信息: Using dialect: org.hibernate.dialect.MySQL5InnoDBDialect
2012-12-16 23:29:24 org.hibernate.transaction.TransactionFactoryFactory buildTransactionFactory
信息: Transaction strategy: org.springframework.orm.hibernate3.SpringTransactionFactory
2012-12-16 23:29:24 org.hibernate.transaction.TransactionManagerLookupFactory getTransactionManagerLookup
信息: No TransactionManagerLookup configured (in JTA environment, use of read-write or transactional second-level cache is not recommended)
2012-12-16 23:29:24 org.hibernate.cfg.SettingsFactory buildSettings
信息: Automatic flush during beforeCompletion(): disabled
2012-12-16 23:29:24 org.hibernate.cfg.SettingsFactory buildSettings
信息: Automatic session close at end of transaction: disabled
2012-12-16 23:29:24 org.hibernate.cfg.SettingsFactory buildSettings
信息: JDBC batch size: 15
2012-12-16 23:29:24 org.hibernate.cfg.SettingsFactory buildSettings
信息: JDBC batch updates for versioned data: disabled
2012-12-16 23:29:24 org.hibernate.cfg.SettingsFactory buildSettings
信息: Scrollable result sets: enabled
2012-12-16 23:29:24 org.hibernate.cfg.SettingsFactory buildSettings
信息: JDBC3 getGeneratedKeys(): enabled
2012-12-16 23:29:24 org.hibernate.cfg.SettingsFactory buildSettings
信息: Connection release mode: auto
2012-12-16 23:29:24 org.hibernate.cfg.SettingsFactory buildSettings
信息: Maximum outer join fetch depth: 2
2012-12-16 23:29:24 org.hibernate.cfg.SettingsFactory buildSettings
信息: Default batch fetch size: 1
2012-12-16 23:29:24 org.hibernate.cfg.SettingsFactory buildSettings
信息: Generate SQL with comments: disabled
2012-12-16 23:29:24 org.hibernate.cfg.SettingsFactory buildSettings
信息: Order SQL updates by primary key: disabled
2012-12-16 23:29:24 org.hibernate.cfg.SettingsFactory buildSettings
信息: Order SQL inserts for batching: disabled
2012-12-16 23:29:24 org.hibernate.cfg.SettingsFactory createQueryTranslatorFactory
信息: Query translator: org.hibernate.hql.ast.ASTQueryTranslatorFactory
2012-12-16 23:29:24 org.hibernate.hql.ast.ASTQueryTranslatorFactory <init>
信息: Using ASTQueryTranslatorFactory
2012-12-16 23:29:24 org.hibernate.cfg.SettingsFactory buildSettings
信息: Query language substitutions: {}
2012-12-16 23:29:24 org.hibernate.cfg.SettingsFactory buildSettings
信息: JPA-QL strict compliance: disabled
2012-12-16 23:29:24 org.hibernate.cfg.SettingsFactory buildSettings
信息: Second-level cache: enabled
2012-12-16 23:29:24 org.hibernate.cfg.SettingsFactory buildSettings
信息: Query cache: disabled
2012-12-16 23:29:24 org.hibernate.cfg.SettingsFactory createCacheProvider
信息: Cache provider: org.hibernate.cache.NoCacheProvider
2012-12-16 23:29:24 org.hibernate.cfg.SettingsFactory buildSettings
信息: Optimize cache for minimal puts: disabled
2012-12-16 23:29:24 org.hibernate.cfg.SettingsFactory buildSettings
信息: Structured second-level cache entries: disabled
2012-12-16 23:29:24 org.hibernate.cfg.SettingsFactory buildSettings
信息: Echoing all SQL to stdout
2012-12-16 23:29:24 org.hibernate.cfg.SettingsFactory buildSettings
信息: Statistics: disabled
2012-12-16 23:29:24 org.hibernate.cfg.SettingsFactory buildSettings
信息: Deleted entity synthetic identifier rollback: disabled
2012-12-16 23:29:24 org.hibernate.cfg.SettingsFactory buildSettings
信息: Default entity-mode: pojo
2012-12-16 23:29:24 org.hibernate.cfg.SettingsFactory buildSettings
信息: Named query checking : enabled
2012-12-16 23:29:24 org.hibernate.impl.SessionFactoryImpl <init>
信息: building session factory
2012-12-16 23:29:25 org.hibernate.impl.SessionFactoryObjectFactory addInstance
信息: Not binding factory to JNDI, no JNDI name configured
2012-12-16 23:29:25 org.hibernate.tool.hbm2ddl.SchemaUpdate execute
信息: Running hbm2ddl schema update
2012-12-16 23:29:25 org.hibernate.tool.hbm2ddl.SchemaUpdate execute
信息: fetching database metadata
2012-12-16 23:29:25 org.hibernate.tool.hbm2ddl.SchemaUpdate execute
信息: updating schema
2012-12-16 23:29:25 org.hibernate.tool.hbm2ddl.TableMetadata <init>
信息: table found: test.xiekang
2012-12-16 23:29:25 org.hibernate.tool.hbm2ddl.TableMetadata <init>
信息: columns: [accbookid, accbookbz, accbookname, stime, etime, stopflag]
2012-12-16 23:29:25 org.hibernate.tool.hbm2ddl.TableMetadata <init>
信息: foreign keys: []
2012-12-16 23:29:25 org.hibernate.tool.hbm2ddl.TableMetadata <init>
信息: indexes: [primary]
2012-12-16 23:29:25 org.hibernate.tool.hbm2ddl.SchemaUpdate execute
信息: schema update complete
2012-12-16 23:29:25 org.springframework.orm.hibernate3.HibernateTransactionManager afterPropertiesSet
信息: Using DataSource [com.mchange.v2.c3p0.ComboPooledDataSource [ acquireIncrement -> 5, acquireRetryAttempts -> 30, acquireRetryDelay -> 1000, autoCommitOnClose -> false, automaticTestTable -> null, breakAfterAcquireFailure -> false, checkoutTimeout -> 0, connectionCustomizerClassName -> null, connectionTesterClassName -> com.mchange.v2.c3p0.impl.DefaultConnectionTester, dataSourceName -> 1hge1388r19lhh1exb7ko2|1f3785d3, debugUnreturnedConnectionStackTraces -> false, description -> null, driverClass -> com.mysql.jdbc.Driver, factoryClassLocation -> null, forceIgnoreUnresolvedTransactions -> false, identityToken -> 1hge1388r19lhh1exb7ko2|1f3785d3, idleConnectionTestPeriod -> 0, initialPoolSize -> 1, jdbcUrl -> jdbc:mysql://localhost:3306/test, lastAcquisitionFailureDefaultUser -> null, maxAdministrativeTaskTime -> 0, maxConnectionAge -> 0, maxIdleTime -> 300, maxIdleTimeExcessConnections -> 0, maxPoolSize -> 20, maxStatements -> 0, maxStatementsPerConnection -> 0, minPoolSize -> 1, numHelperThreads -> 3, numThreadsAwaitingCheckoutDefaultUser -> 0, preferredTestQuery -> null, properties -> {user=******, password=******}, propertyCycle -> 0, testConnectionOnCheckin -> false, testConnectionOnCheckout -> false, unreturnedConnectionTimeout -> 0, usesTraditionalReflectiveProxies -> false ]] of Hibernate SessionFactory for HibernateTransactionManager
]]></system-err>
</testsuite>
